  ex2_22.cpp
h:\coding\data_structure\chapter02\chapter02\ex2_22.cpp(9): error C2065: “SeqList”: 未声明的标识符
h:\coding\data_structure\chapter02\chapter02\ex2_22.cpp(9): error C2065: “L”: 未声明的标识符
h:\coding\data_structure\chapter02\chapter02\ex2_22.cpp(9): error C2182: “CreateList”: 非法使用“void”类型
h:\coding\data_structure\chapter02\chapter02\ex2_22.cpp(10): error C2448: “CreateList”: 函数样式初始值设定项类似函数定义
h:\coding\data_structure\chapter02\chapter02\ex2_22.cpp(18): error C2065: “SeqList”: 未声明的标识符
h:\coding\data_structure\chapter02\chapter02\ex2_22.cpp(18): error C2146: 语法错误: 缺少“)”(在标识符“L”的前面)
h:\coding\data_structure\chapter02\chapter02\ex2_22.cpp(19): error C2143: 语法错误: 缺少“;”(在“{”的前面)
h:\coding\data_structure\chapter02\chapter02\ex2_22.cpp(19): error C2447: “{”: 缺少函数标题(是否是老式的形式表?)
h:\coding\data_structure\chapter02\chapter02\ex2_22.cpp(27): error C2065: “SeqList”: 未声明的标识符
h:\coding\data_structure\chapter02\chapter02\ex2_22.cpp(27): error C2065: “L”: 未声明的标识符
h:\coding\data_structure\chapter02\chapter02\ex2_22.cpp(27): error C2182: “DeleteSame”: 非法使用“void”类型
h:\coding\data_structure\chapter02\chapter02\ex2_22.cpp(28): error C2448: “DeleteSame”: 函数样式初始值设定项类似函数定义
h:\coding\data_structure\chapter02\chapter02\ex2_22.cpp(44): error C2065: “SeqList”: 未声明的标识符
h:\coding\data_structure\chapter02\chapter02\ex2_22.cpp(44): error C2146: 语法错误: 缺少“)”(在标识符“A”的前面)
h:\coding\data_structure\chapter02\chapter02\ex2_22.cpp(45): error C2143: 语法错误: 缺少“;”(在“{”的前面)
h:\coding\data_structure\chapter02\chapter02\ex2_22.cpp(45): error C2447: “{”: 缺少函数标题(是否是老式的形式表?)
h:\coding\data_structure\chapter02\chapter02\ex2_22.cpp(88): warning C4244: “参数”: 从“time_t”转换到“unsigned int”，可能丢失数据
h:\coding\data_structure\chapter02\chapter02\ex2_22.cpp(89): error C2065: “SeqList”: 未声明的标识符
h:\coding\data_structure\chapter02\chapter02\ex2_22.cpp(89): error C2146: 语法错误: 缺少“;”(在标识符“A”的前面)
h:\coding\data_structure\chapter02\chapter02\ex2_22.cpp(89): error C2065: “A”: 未声明的标识符
h:\coding\data_structure\chapter02\chapter02\ex2_22.cpp(89): error C2065: “B”: 未声明的标识符
h:\coding\data_structure\chapter02\chapter02\ex2_22.cpp(89): error C2065: “C”: 未声明的标识符
h:\coding\data_structure\chapter02\chapter02\ex2_22.cpp(90): error C2065: “A”: 未声明的标识符
h:\coding\data_structure\chapter02\chapter02\ex2_22.cpp(91): error C2065: “A”: 未声明的标识符
h:\coding\data_structure\chapter02\chapter02\ex2_22.cpp(91): error C3861: “Display”: 找不到标识符
h:\coding\data_structure\chapter02\chapter02\ex2_22.cpp(92): error C2065: “B”: 未声明的标识符
h:\coding\data_structure\chapter02\chapter02\ex2_22.cpp(93): error C2065: “B”: 未声明的标识符
h:\coding\data_structure\chapter02\chapter02\ex2_22.cpp(93): error C3861: “Display”: 找不到标识符
h:\coding\data_structure\chapter02\chapter02\ex2_22.cpp(94): error C2065: “A”: 未声明的标识符
h:\coding\data_structure\chapter02\chapter02\ex2_22.cpp(94): error C2065: “B”: 未声明的标识符
h:\coding\data_structure\chapter02\chapter02\ex2_22.cpp(94): error C2065: “C”: 未声明的标识符
h:\coding\data_structure\chapter02\chapter02\ex2_22.cpp(94): error C3861: “Union”: 找不到标识符
h:\coding\data_structure\chapter02\chapter02\ex2_22.cpp(95): error C2065: “C”: 未声明的标识符
h:\coding\data_structure\chapter02\chapter02\ex2_22.cpp(96): error C2065: “C”: 未声明的标识符
h:\coding\data_structure\chapter02\chapter02\ex2_22.cpp(96): error C3861: “Display”: 找不到标识符
